INFO | 2016-11-07 17:50:13,645 | index | root | Index - /
ERROR | 2016-11-07 17:50:13,933 | index | page_not_found | 404: Not Found
ERROR | 2016-11-07 17:50:18,217 | index | page_not_found | 404: Not Found
ERROR | 2016-11-07 17:50:24,600 | index | page_not_found | 404: Not Found
ERROR | 2016-11-07 17:50:27,888 | index | page_not_found | 404: Not Found
ERROR | 2016-11-07 17:50:30,207 | index | page_not_found | 404: Not Found
INFO | 2016-11-07 17:56:21,636 | index | root | Index - /
ERROR | 2016-11-07 17:56:22,129 | index | page_not_found | 404: Not Found
ERROR | 2016-11-07 17:56:51,246 | index | page_not_found | 404: Not Found
ERROR | 2016-11-07 17:56:51,356 | index | page_not_found | 404: Not Found
INFO | 2016-11-07 17:57:16,633 | index | root | Index - /
INFO | 2016-11-14 17:49:55,800 | index | root | Index - /
ERROR | 2016-11-14 17:49:57,443 | index | page_not_found | 404: Not Found
INFO | 2016-11-14 17:53:07,798 | index | root | Index - /
INFO | 2016-11-14 17:53:13,553 | index | root | Index - /
INFO | 2016-11-14 17:53:14,572 | index | root | Index - /
INFO | 2016-11-14 17:53:37,733 | index | root | Index - /
INFO | 2016-11-14 17:54:20,399 | index | root | Index - /
INFO | 2016-11-14 17:54:22,694 | index | root | Index - /
INFO | 2016-11-14 17:54:23,400 | index | root | Index - /
INFO | 2016-11-14 17:54:23,652 | index | root | Index - /
INFO | 2016-11-14 17:54:23,913 | index | root | Index - /
INFO | 2016-11-14 17:54:24,128 | index | root | Index - /
INFO | 2016-11-14 17:54:24,425 | index | root | Index - /
INFO | 2016-11-14 17:55:05,846 | index | root | Index - /
INFO | 2016-11-14 18:04:15,405 | index | root | Index - /
INFO | 2016-11-14 18:06:27,066 | index | root | Index - /
INFO | 2016-11-14 18:07:24,450 | index | root | Index - /
INFO | 2016-11-14 18:07:56,312 | index | root | Index - /
INFO | 2016-11-14 18:09:09,112 | index | root | Index - /
ERROR | 2016-11-14 18:09:09,173 | index | root | expected token 'end of print statement', got 'rel'
INFO | 2016-11-14 18:09:11,811 | index | root | Index - /
ERROR | 2016-11-14 18:09:11,973 | index | root | expected token 'end of print statement', got 'rel'
INFO | 2016-11-14 18:09:38,183 | index | root | Index - /
ERROR | 2016-11-14 18:09:38,219 | index | root | expected token 'end of print statement', got 'rel'
INFO | 2016-11-14 18:10:26,111 | index | root | Index - /
ERROR | 2016-11-14 18:10:26,146 | index | root | expected token 'end of print statement', got 'rel'
INFO | 2016-11-14 18:10:55,172 | index | root | Index - /
ERROR | 2016-11-14 18:10:55,410 | index | root | expected token 'end of print statement', got 'rel'
INFO | 2016-11-14 18:11:41,500 | index | root | Index - /
ERROR | 2016-11-14 18:11:41,543 | index | root | expected token 'end of print statement', got 'string'
INFO | 2016-11-14 18:12:50,041 | index | root | Index - /
ERROR | 2016-11-14 18:12:50,233 | index | page_not_found | 404: Not Found
INFO | 2016-11-14 18:13:02,799 | index | root | Index - /
INFO | 2016-11-14 18:13:40,239 | index | root | Index - /
INFO | 2016-11-14 18:13:41,762 | index | root | Index - /
INFO | 2016-11-14 18:13:41,972 | index | root | Index - /
INFO | 2016-11-14 18:13:42,300 | index | root | Index - /
INFO | 2016-11-14 18:13:42,493 | index | root | Index - /
INFO | 2016-11-14 18:14:12,114 | index | root | Index - /
INFO | 2016-11-14 18:54:33,964 | index | root | Index - /
INFO | 2016-11-14 18:55:47,840 | index | root | Index - /
INFO | 2016-11-14 18:58:59,991 | index | root | Index - /
INFO | 2016-11-14 18:59:52,553 | index | root | Index - /
INFO | 2016-11-14 19:00:35,153 | index | root | Index - /
INFO | 2016-11-17 14:43:54,155 | index | root | Index - /
INFO | 2016-11-17 14:44:06,540 | index | root | Index - /
INFO | 2016-11-17 14:44:12,510 | index | root | Index - /
INFO | 2016-11-17 16:29:07,499 | index | root | Index - /
INFO | 2016-11-18 15:59:38,582 | index | root | Index - /
INFO | 2016-11-18 15:59:43,907 | index | root | Index - /
INFO | 2016-11-18 15:59:45,522 | index | root | Index - /
INFO | 2016-11-18 15:59:45,991 | index | root | Index - /
INFO | 2016-11-18 15:59:50,165 | index | root | Index - /
INFO | 2016-11-18 16:27:31,147 | index | root | Index - /
INFO | 2016-11-18 16:27:41,442 | index | movie | Movie Selected from db/movies
ERROR | 2016-11-18 16:27:41,468 | index | movie | global name 'db' is not defined
INFO | 2016-11-18 16:31:25,066 | index | movie | Movie Selected from db/movies
ERROR | 2016-11-18 16:31:25,081 | index | movie | global name 'db' is not defined
INFO | 2016-11-18 16:33:38,704 | index | movie | Movie Selected from db/movies
ERROR | 2016-11-18 16:33:38,736 | index | movie | global name 'db' is not defined
INFO | 2016-11-18 16:40:27,311 | index | movie | Select Movies Page/movies
ERROR | 2016-11-18 16:40:27,353 | index | movie | global name 'db' is not defined
INFO | 2016-11-18 16:45:22,929 | index | movie | Select Movies Page/movies
ERROR | 2016-11-18 16:45:22,981 | index | movie | 'sqlite3.Connection' object has no attribute 'exectue'
INFO | 2016-11-18 16:45:50,089 | index | movie | Select Movies Page/movies
INFO | 2016-11-18 16:47:49,958 | index | root | Index - /
INFO | 2016-11-18 16:47:54,849 | index | movie | Select Movies Page/movies
INFO | 2016-11-18 16:49:02,139 | index | movie | Select Movies Page/movies
INFO | 2016-11-18 16:52:08,938 | index | movie | Select Movies Page/movies
INFO | 2016-11-18 16:52:41,083 | index | movie | Select Movies Page/movies
INFO | 2016-11-18 16:55:51,086 | index | movie | Select Movies Page/movies
INFO | 2016-11-18 16:57:21,367 | index | movie | Select Movies Page/movies
INFO | 2016-11-18 16:59:25,343 | index | movie | Select Movies Page/movies
INFO | 2016-11-18 17:00:16,333 | index | movie | Select Movies Page/movies
INFO | 2016-11-18 17:03:34,842 | index | movie | Select Movies Page/movies
INFO | 2016-11-18 17:04:16,904 | index | movie | Select Movies Page/movies
ERROR | 2016-11-18 17:04:17,070 | index | movie | 'entry' is undefined
INFO | 2016-11-18 17:04:47,104 | index | movie | Select Movies Page/movies
INFO | 2016-11-18 17:08:38,579 | index | movie | Select Movies Page/movies
INFO | 2016-11-18 17:12:15,431 | index | movie | Select Movies Page/movies
INFO | 2016-11-18 17:14:31,787 | index | movie | Select Movies Page/movies
INFO | 2016-11-18 17:16:07,517 | index | movie | Select Movies Page/movies
INFO | 2016-11-18 17:17:19,796 | index | movie | Select Movies Page/movies
INFO | 2016-11-18 17:18:40,812 | index | movie | Select Movies Page/movies
INFO | 2016-11-18 18:07:13,479 | index | movie | Select Movies Page/movies
ERROR | 2016-11-18 18:07:13,527 | index | movie | no such column: rowid
INFO | 2016-11-18 18:07:57,371 | index | movie | Select Movies Page/movies
INFO | 2016-11-18 18:10:01,772 | index | movie | Select Movies Page/movies
INFO | 2016-11-18 18:13:33,918 | index | movie | Select Movies Page/movies
INFO | 2016-11-18 18:44:58,444 | index | movie | Select Movies Page/movies
INFO | 2016-11-18 18:45:16,527 | index | movie | Select Movies Page/movies
INFO | 2016-11-18 18:46:00,664 | index | movie | Select Movies Page/movies
INFO | 2016-11-18 18:46:09,330 | index | movie | Select Movies Page/movies
INFO | 2016-11-18 18:46:25,836 | index | movie | Select Movies Page/movies
INFO | 2016-11-18 18:46:50,444 | index | movie | Select Movies Page/movies
INFO | 2016-11-18 18:47:26,093 | index | movie | Select Movies Page/movies
INFO | 2016-11-18 18:48:03,247 | index | root | Index - /
INFO | 2016-11-20 14:39:12,132 | index | root | Index - /
INFO | 2016-11-20 14:39:19,263 | index | movie | Select Movies Page/movies
INFO | 2016-11-20 15:04:27,985 | index | movie | Select Movies Page/movies
INFO | 2016-11-20 15:07:52,832 | index | movie | Select Movies Page/movies
INFO | 2016-11-20 15:10:18,518 | index | movie | Select Movies Page/movies
INFO | 2016-11-20 15:40:50,854 | index | movie | Select Movies Page/movies
ERROR | 2016-11-20 15:40:50,999 | index | movie | 'post' is undefined
INFO | 2016-11-20 15:48:27,302 | index | movies | Select Movies Page/movies
ERROR | 2016-11-20 15:48:27,985 | index | movies | 'post' is undefined
INFO | 2016-11-20 15:48:59,012 | index | movies | Select Movies Page/movies
INFO | 2016-11-20 15:58:53,943 | index | movies | Select Movies Page/movies
ERROR | 2016-11-20 15:58:54,607 | index | movies | 'post' is undefined
INFO | 2016-11-20 15:59:41,558 | index | movies | Select Movies Page/movies
INFO | 2016-11-20 16:01:26,700 | index | movies | Select Movies Page/movies
INFO | 2016-11-20 16:04:34,013 | index | movies | Select Movies Page/movies
ERROR | 2016-11-20 16:04:34,146 | index | movies | 'post' is undefined
INFO | 2016-11-20 16:05:19,672 | index | movies | Select Movies Page/movies
INFO | 2016-11-20 16:10:49,725 | index | movies | Select Movies Page/movies
INFO | 2016-11-20 16:11:29,997 | index | movies | Select Movies Page/movies
INFO | 2016-11-20 16:12:05,154 | index | movies | Select Movies Page/movies
INFO | 2016-11-20 16:12:08,123 | index | movies | Select Movies Page/movies
INFO | 2016-11-20 16:19:40,169 | index | movies | Select Movies Page/movies
INFO | 2016-11-20 16:20:07,669 | index | movies | Select Movies Page/movies
INFO | 2016-11-20 16:22:21,306 | index | movies | Select Movies Page/movies
INFO | 2016-11-20 16:22:23,685 | index | movies | Select Movies Page/movies
INFO | 2016-11-20 16:25:46,736 | index | movies | Select Movies Page/movies
INFO | 2016-11-20 16:27:50,404 | index | movies | Select Movies Page/movies
INFO | 2016-11-20 16:28:00,127 | index | movies | Select Movies Page/movies
INFO | 2016-11-20 16:30:10,642 | index | movies | Select Movies Page/movies
INFO | 2016-11-20 16:30:13,317 | index | movies | Select Movies Page/movies
INFO | 2016-11-20 16:38:44,465 | index | movies | Select Movies Page/movies
INFO | 2016-11-20 16:53:49,143 | index | movies | Select Movies Page/movies
ERROR | 2016-11-20 16:55:15,438 | index | page_not_found | 404: Not Found
INFO | 2016-11-20 17:02:57,655 | index | movies | Select Movies Page/movies
INFO | 2016-11-20 17:02:57,746 | index | movies | Select Movies Page/movies
INFO | 2016-11-20 17:05:41,808 | index | movies | Select Movies Page/movies
INFO | 2016-11-20 17:09:21,759 | index | movies | Select Movies Page/movies
INFO | 2016-11-20 17:09:44,890 | index | movies | Select Movies Page/movies
INFO | 2016-11-20 17:12:40,220 | index | movies | Select Movies Page/movies
INFO | 2016-11-20 17:15:33,796 | index | movies | Select Movies Page/movies
INFO | 2016-11-20 17:22:16,610 | index | movies | Select Movies Page/movies
INFO | 2016-11-20 17:23:09,564 | index | movies | Select Movies Page/movies
INFO | 2016-11-20 17:26:04,115 | index | movies | Select Movies Page/movies
INFO | 2016-11-20 17:28:33,215 | index | movies | Select Movies Page/movies
INFO | 2016-11-20 17:31:58,284 | index | movies | Select Movies Page/movies
INFO | 2016-11-20 17:32:44,883 | index | movies | Select Movies Page/movies
INFO | 2016-11-20 17:34:48,244 | index | movies | Select Movies Page/movies
INFO | 2016-11-20 17:35:15,829 | index | movies | Select Movies Page/movies
INFO | 2016-11-20 17:35:39,156 | index | movies | Select Movies Page/movies
INFO | 2016-11-20 17:36:55,612 | index | movies | Select Movies Page/movies
INFO | 2016-11-20 17:40:43,112 | index | movies | Select Movies Page/movies
INFO | 2016-11-20 17:44:07,675 | index | movies | Select Movies Page/movies
INFO | 2016-11-20 17:46:31,644 | index | movies | Select Movies Page/movies
ERROR | 2016-11-20 17:46:55,727 | index | page_not_found | 404: Not Found
ERROR | 2016-11-20 17:47:06,249 | index | page_not_found | 404: Not Found
INFO | 2016-11-20 17:49:58,664 | index | movies | Select Movies Page/movies
INFO | 2016-11-20 17:50:02,247 | index | movies | Select Movies Page/movies
INFO | 2016-11-20 17:52:33,814 | index | movies | Select Movies Page/movies
INFO | 2016-11-20 17:56:37,045 | index | movies | Select Movies Page/movies
INFO | 2016-11-20 17:59:56,307 | index | movies | Select Movies Page/movies
INFO | 2016-11-20 18:00:00,515 | index | movies | Select Movies Page/movies
INFO | 2016-11-20 18:01:21,660 | index | movies | Select Movies Page/movies
INFO | 2016-11-20 18:02:07,864 | index | movies | Select Movies Page/movies
INFO | 2016-11-20 18:02:11,506 | index | selected_movie | Selected a movie/movies/
ERROR | 2016-11-20 18:02:11,531 | index | selected_movie | near "%": syntax error
INFO | 2016-11-20 18:02:37,703 | index | selected_movie | Selected a movie/movies/
ERROR | 2016-11-20 18:02:37,859 | index | selected_movie | unsupported operand type(s) for %: 'sqlite3.Cursor' and 'str'
INFO | 2016-11-20 18:02:38,277 | index | movies | Select Movies Page/movies
INFO | 2016-11-20 18:02:40,434 | index | selected_movie | Selected a movie/movies/
ERROR | 2016-11-20 18:02:40,464 | index | selected_movie | unsupported operand type(s) for %: 'sqlite3.Cursor' and 'str'
ERROR | 2016-11-20 18:05:42,419 | index | page_not_found | 404: Not Found
INFO | 2016-11-20 18:05:53,992 | index | selected_movie | Selected a movie/movies/selected
INFO | 2016-11-20 18:07:41,912 | index | selected_movie | Selected a movie/movies/selected
INFO | 2016-11-20 18:09:58,617 | index | movies | Select Movies Page/movies
INFO | 2016-11-20 18:09:58,840 | index | movies | Select Movies Page/movies
INFO | 2016-11-20 18:10:00,634 | index | selected_movie | Selected a movie/movies/selected
INFO | 2016-11-20 18:10:00,717 | index | selected_movie | Selected a movie/movies/selected
INFO | 2016-11-20 18:10:23,329 | index | movies | Select Movies Page/movies
INFO | 2016-11-20 18:10:26,637 | index | selected_movie | Selected a movie/movies/selected
ERROR | 2016-11-20 18:10:26,655 | index | selected_movie | near "%": syntax error
INFO | 2016-11-20 18:12:59,884 | index | movies | Select Movies Page/movies
INFO | 2016-11-20 18:13:44,746 | index | selected_movie | Selected a movie/movies/
ERROR | 2016-11-20 18:13:44,817 | index | selected_movie | 'ImmutableMultiDict' object has no attribute 'movieid'
ERROR | 2016-11-20 18:18:50,816 | index | page_not_found | 404: Not Found
ERROR | 2016-11-20 18:19:01,280 | index | page_not_found | 404: Not Found
INFO | 2016-11-20 18:19:29,405 | index | movies | Select Movies Page/movies
INFO | 2016-11-20 18:19:30,751 | index | selected_movie | Selected a movie/movies/
ERROR | 2016-11-20 18:19:30,769 | index | selected_movie | 'ImmutableMultiDict' object has no attribute 'movieid'
INFO | 2016-11-20 18:20:23,400 | index | selected_movie | Selected a movie/movies/
ERROR | 2016-11-20 18:20:23,451 | index | selected_movie | 'ImmutableMultiDict' object has no attribute 'movieid'
INFO | 2016-11-20 18:20:33,490 | index | selected_movie | Selected a movie/movies/
ERROR | 2016-11-20 18:20:33,508 | index | selected_movie | 'ImmutableMultiDict' object has no attribute 'movieid'
INFO | 2016-11-20 18:21:02,492 | index | selected_movie | Selected a movie/movies/
ERROR | 2016-11-20 18:21:02,557 | index | selected_movie | 'ImmutableMultiDict' object has no attribute 'movieid'
INFO | 2016-11-20 18:22:15,567 | index | selected_movie | Selected a movie/movies/selected
ERROR | 2016-11-20 18:22:15,588 | index | selected_movie | 'ImmutableMultiDict' object has no attribute 'movieid'
INFO | 2016-11-20 18:22:44,055 | index | selected_movie | Selected a movie/movies/selected
INFO | 2016-11-20 18:23:39,249 | index | selected_movie | Selected a movie/movies/selected
INFO | 2016-11-20 18:23:56,992 | index | selected_movie | Selected a movie/movies/selected
ERROR | 2016-11-20 18:24:45,105 | index | page_not_found | 404: Not Found
INFO | 2016-11-20 18:26:45,819 | index | selected_movie | Selected a movie/movies/selected
INFO | 2016-11-20 19:00:16,008 | index | actors | Select Actor Page/actors
ERROR | 2016-11-20 19:00:16,052 | index | actors | near ")": syntax error
INFO | 2016-11-20 19:01:22,581 | index | actors | Select Actor Page/actors
INFO | 2016-11-20 19:01:42,695 | index | actors | Select Actor Page/actors
INFO | 2016-11-20 19:03:53,629 | index | actors | Select Actor Page/actors
INFO | 2016-11-20 19:04:24,296 | index | actors | Select Actor Page/actors
INFO | 2016-11-20 19:05:09,690 | index | actors | Select Actor Page/actors
INFO | 2016-11-20 19:05:48,271 | index | actors | Select Actor Page/actors
INFO | 2016-11-20 19:07:59,502 | index | actors | Select Actor Page/actors
INFO | 2016-11-20 19:08:20,348 | index | actors | Select Actor Page/actors
INFO | 2016-11-20 19:12:22,526 | index | actors | Select Actor Page/actors
INFO | 2016-11-20 19:12:25,921 | index | movies | Select Movies Page/movies
INFO | 2016-11-20 19:13:10,615 | index | movies | Select Movies Page/movies
INFO | 2016-11-20 19:13:13,163 | index | root | Index - /
INFO | 2016-11-20 19:13:15,356 | index | movies | Select Movies Page/movies
INFO | 2016-11-20 19:13:17,097 | index | actors | Select Actor Page/actors
INFO | 2016-11-20 19:13:19,800 | index | movies | Select Movies Page/movies
INFO | 2016-11-20 19:14:03,586 | index | movies | Select Movies Page/movies
INFO | 2016-11-20 19:14:08,610 | index | actors | Select Actor Page/actors
INFO | 2016-11-20 19:19:11,881 | index | movies | Select Movies Page/movies
INFO | 2016-11-20 19:19:12,679 | index | actors | Select Actor Page/actors
INFO | 2016-11-20 19:19:13,851 | index | movies | Select Movies Page/movies
INFO | 2016-11-20 19:19:21,085 | index | root | Index - /
INFO | 2016-11-20 19:28:51,353 | index | movies | Select Movies Page/movies
INFO | 2016-11-20 19:29:29,687 | index | movies | Select Movies Page/movies
INFO | 2016-11-20 19:32:30,146 | index | actors | Select Actor Page/actors
INFO | 2016-11-20 19:32:35,606 | index | movies | Select Movies Page/movies
INFO | 2016-11-20 19:32:37,920 | index | root | Index - /
INFO | 2016-11-20 19:43:56,633 | index | root | Index - /
INFO | 2016-11-20 19:44:31,264 | index | root | Index - /
INFO | 2016-11-20 19:47:08,657 | index | root | Index - /
INFO | 2016-11-20 19:47:24,421 | index | root | Index - /
INFO | 2016-11-20 19:48:24,328 | index | root | Index - /
INFO | 2016-11-20 19:49:36,454 | index | root | Index - /
INFO | 2016-11-20 19:50:19,240 | index | root | Index - /
INFO | 2016-11-20 19:50:54,389 | index | root | Index - /
INFO | 2016-11-20 19:53:57,118 | index | root | Index - /
INFO | 2016-11-20 19:54:41,821 | index | root | Index - /
INFO | 2016-11-20 20:01:02,887 | index | root | Index - /
INFO | 2016-11-20 20:01:41,339 | index | root | Index - /
INFO | 2016-11-20 20:02:50,615 | index | root | Index - /
INFO | 2016-11-20 20:04:20,077 | index | root | Index - /
INFO | 2016-11-20 20:04:53,617 | index | root | Index - /
INFO | 2016-11-20 20:05:49,513 | index | root | Index - /
INFO | 2016-11-20 20:06:34,522 | index | root | Index - /
INFO | 2016-11-20 20:07:22,857 | index | root | Index - /
INFO | 2016-11-20 20:07:37,703 | index | root | Index - /
INFO | 2016-11-20 20:11:32,029 | index | root | Index - /
INFO | 2016-11-20 20:12:32,908 | index | root | Index - /
INFO | 2016-11-20 20:19:19,726 | index | root | Index - /
ERROR | 2016-11-20 20:19:19,865 | index | root | no such function: NEWID
INFO | 2016-11-20 20:20:02,782 | index | root | Index - /
ERROR | 2016-11-20 20:20:02,873 | index | root | misuse of aggregate: MAX()
INFO | 2016-11-20 20:21:27,176 | index | root | Index - /
ERROR | 2016-11-20 20:21:27,285 | index | root | no such function: TOP
INFO | 2016-11-20 20:22:03,277 | index | root | Index - /
ERROR | 2016-11-20 20:22:03,383 | index | root | near "1": syntax error
INFO | 2016-11-20 20:23:30,191 | index | root | Index - /
INFO | 2016-11-20 20:24:54,599 | index | root | Index - /
ERROR | 2016-11-20 20:24:54,809 | index | root | 'movie' is undefined
INFO | 2016-11-20 20:26:14,471 | index | root | Index - /
ERROR | 2016-11-20 20:26:14,619 | index | root | 'function' object is not iterable
INFO | 2016-11-20 20:30:41,713 | index | root | Index - /
ERROR | 2016-11-20 20:30:41,787 | index | root | expected token 'in', got 'end of statement block'
INFO | 2016-11-20 20:31:45,986 | index | root | Index - /
ERROR | 2016-11-20 20:31:46,884 | index | root | 'function' object is not iterable
INFO | 2016-11-20 20:32:27,508 | index | root | Index - /
ERROR | 2016-11-20 20:32:28,197 | index | root | 'function' object is not iterable
INFO | 2016-11-20 20:34:48,322 | index | root | Index - /
ERROR | 2016-11-20 20:34:49,178 | index | root | 'function' object is not iterable
INFO | 2016-11-20 20:37:24,468 | index | root | Index - /
INFO | 2016-11-20 20:38:48,247 | index | root | Index - /
INFO | 2016-11-20 20:38:49,724 | index | root | Index - /
ERROR | 2016-11-20 20:38:50,126 | index | page_not_found | 404: Not Found
ERROR | 2016-11-20 20:38:50,293 | index | page_not_found | 404: Not Found
ERROR | 2016-11-20 20:38:50,358 | index | page_not_found | 404: Not Found
INFO | 2016-11-20 20:39:31,464 | index | root | Index - /
INFO | 2016-11-20 20:39:54,245 | index | root | Index - /
INFO | 2016-11-20 20:41:40,351 | index | root | Index - /
INFO | 2016-11-20 20:41:59,463 | index | root | Index - /
INFO | 2016-11-20 20:43:48,993 | index | root | Index - /
INFO | 2016-11-20 20:44:06,416 | index | root | Index - /
INFO | 2016-11-20 20:44:28,624 | index | root | Index - /
INFO | 2016-11-20 20:45:16,437 | index | root | Index - /
INFO | 2016-11-20 20:45:36,269 | index | root | Index - /
INFO | 2016-11-20 20:49:20,006 | index | root | Index - /
INFO | 2016-11-20 20:50:03,271 | index | root | Index - /
INFO | 2016-11-20 20:50:34,497 | index | root | Index - /
INFO | 2016-11-20 20:51:35,914 | index | root | Index - /
INFO | 2016-11-20 20:53:20,480 | index | root | Index - /
INFO | 2016-11-20 20:54:06,515 | index | root | Index - /
INFO | 2016-11-20 20:54:48,322 | index | root | Index - /
INFO | 2016-11-20 20:55:29,516 | index | root | Index - /
INFO | 2016-11-20 20:55:49,535 | index | root | Index - /
INFO | 2016-11-20 20:56:31,799 | index | root | Index - /
INFO | 2016-11-20 20:59:36,083 | index | root | Index - /
INFO | 2016-11-20 21:00:09,966 | index | root | Index - /
INFO | 2016-11-20 21:00:54,724 | index | root | Index - /
INFO | 2016-11-20 21:01:19,373 | index | root | Index - /
INFO | 2016-11-20 21:01:39,635 | index | root | Index - /
INFO | 2016-11-20 21:01:53,280 | index | root | Index - /
INFO | 2016-11-20 21:02:54,324 | index | root | Index - /
INFO | 2016-11-20 21:03:09,306 | index | root | Index - /
INFO | 2016-11-20 21:03:27,137 | index | root | Index - /
INFO | 2016-11-20 21:03:37,546 | index | root | Index - /
INFO | 2016-11-20 21:04:13,480 | index | root | Index - /
INFO | 2016-11-20 21:04:43,495 | index | root | Index - /
INFO | 2016-11-20 21:05:02,771 | index | root | Index - /
INFO | 2016-11-20 21:05:28,519 | index | root | Index - /
INFO | 2016-11-20 21:05:52,620 | index | root | Index - /
INFO | 2016-11-20 21:06:38,822 | index | movies | Select Movies Page/movies
INFO | 2016-11-20 21:06:43,476 | index | actors | Select Actor Page/actors
INFO | 2016-11-20 21:06:48,475 | index | movies | Select Movies Page/movies
INFO | 2016-11-20 21:06:50,696 | index | root | Index - /
INFO | 2016-11-20 21:13:04,717 | index | movies | Select Movies Page/movies
INFO | 2016-11-20 21:13:06,243 | index | actors | Select Actor Page/actors
INFO | 2016-11-20 21:13:10,538 | index | root | Index - /
INFO | 2016-11-20 21:13:53,933 | index | root | Index - /
INFO | 2016-11-20 21:14:27,570 | index | root | Index - /
INFO | 2016-11-20 21:15:25,531 | index | root | Index - /
INFO | 2016-11-20 21:15:42,898 | index | root | Index - /
INFO | 2016-11-20 21:16:14,719 | index | root | Index - /
INFO | 2016-11-20 21:21:55,945 | index | movies | Select Movies Page/movies
INFO | 2016-11-20 21:21:58,595 | index | actors | Select Actor Page/actors
INFO | 2016-11-20 21:22:04,221 | index | root | Index - /
INFO | 2016-11-20 21:22:05,763 | index | movies | Select Movies Page/movies
INFO | 2016-11-20 21:23:37,990 | index | selected_movie | Selected a movie/movies/selected
ERROR | 2016-11-20 21:23:38,011 | index | selected_movie | no such table: poster
INFO | 2016-11-20 21:24:25,628 | index | selected_movie | Selected a movie/movies/selected
ERROR | 2016-11-20 21:31:17,731 | index | page_not_found | 404: Not Found
ERROR | 2016-11-20 21:31:33,352 | index | page_not_found | 404: Not Found
INFO | 2016-11-20 21:31:40,295 | index | selected_movie | Selected a movie/movies/
INFO | 2016-11-20 21:33:12,544 | index | selected_movie | Selected a movie/movies/s
INFO | 2016-11-20 21:37:55,601 | index | selected_movie | Selected a movie/movies/s
ERROR | 2016-11-20 21:37:55,649 | index | selected_movie | unrecognized token: "{"
INFO | 2016-11-20 21:38:39,177 | index | selected_movie | Selected a movie/movies/s
ERROR | 2016-11-20 21:38:39,257 | index | selected_movie | near "%": syntax error
INFO | 2016-11-20 21:39:33,213 | index | selected_movie | Selected a movie/movies/s
ERROR | 2016-11-20 21:39:33,284 | index | selected_movie | near "%": syntax error
INFO | 2016-11-20 21:40:35,345 | index | selected_movie | Selected a movie/movies/s
ERROR | 2016-11-20 21:40:35,415 | index | selected_movie | near "%": syntax error
INFO | 2016-11-20 21:41:11,307 | index | selected_movie | Selected a movie/movies/s
ERROR | 2016-11-20 21:41:11,455 | index | selected_movie | unsupported operand type(s) for %: 'sqlite3.Cursor' and 'str'
INFO | 2016-11-20 21:43:57,814 | index | selected_movie | Selected a movie/movies/s
ERROR | 2016-11-20 21:43:57,857 | index | selected_movie | unsupported operand type(s) for %: 'sqlite3.Cursor' and 'unicode'
INFO | 2016-11-20 21:45:15,039 | index | selected_movie | Selected a movie/movies/s
ERROR | 2016-11-20 21:45:15,108 | index | selected_movie | near "%": syntax error
INFO | 2016-11-20 21:46:49,051 | index | selected_movie | Selected a movie/movies/s
ERROR | 2016-11-20 21:46:49,167 | index | selected_movie | near "%": syntax error
INFO | 2016-11-20 21:47:33,945 | index | selected_movie | Selected a movie/movies/s
INFO | 2016-11-20 21:49:17,664 | index | selected_movie | Selected a movie/movies/s
INFO | 2016-11-20 21:49:24,781 | index | selected_movie | Selected a movie/movies/s
INFO | 2016-11-20 21:49:30,251 | index | selected_movie | Selected a movie/movies/s
INFO | 2016-11-20 22:10:13,662 | index | movies | Select Movies Page/movies
INFO | 2016-11-20 22:10:20,853 | index | movies | Select Movies Page/movies
INFO | 2016-11-20 22:10:27,173 | index | movies | Select Movies Page/movies
INFO | 2016-11-20 22:10:31,423 | index | selected_movie | Selected a movie/movies/selected
INFO | 2016-11-20 22:11:26,712 | index | movies | Select Movies Page/movies
ERROR | 2016-11-20 22:11:26,893 | index | movies | cannot concatenate 'str' and 'int' objects
INFO | 2016-11-20 22:14:30,582 | index | movies | Select Movies Page/movies
ERROR | 2016-11-20 22:14:30,833 | index | movies | 'str' is undefined
INFO | 2016-11-20 22:16:40,612 | index | movies | Select Movies Page/movies
INFO | 2016-11-20 22:16:45,175 | index | selected_movie | Selected a movie/movies/selected
INFO | 2016-11-20 22:16:49,387 | index | selected_movie | Selected a movie/movies/selected
INFO | 2016-11-20 22:18:29,225 | index | selected_movie | Selected a movie/movies/selected
INFO | 2016-11-20 22:25:43,462 | index | selected_movie | Selected a movie/movies/selected
INFO | 2016-11-20 22:37:12,038 | index | selected_movie | Selected a movie/movies/selected
ERROR | 2016-11-20 22:37:12,151 | index | selected_movie | tuple index out of range
INFO | 2016-11-20 22:38:17,377 | index | selected_movie | Selected a movie/movies/selected
INFO | 2016-11-20 22:39:30,567 | index | selected_movie | Selected a movie/movies/selected
INFO | 2016-11-20 22:41:02,483 | index | selected_movie | Selected a movie/movies/selected
INFO | 2016-11-20 22:41:13,148 | index | selected_movie | Selected a movie/movies/selected
INFO | 2016-11-20 22:41:27,714 | index | selected_movie | Selected a movie/movies/selected
INFO | 2016-11-20 22:42:05,130 | index | selected_movie | Selected a movie/movies/selected
INFO | 2016-11-20 22:42:50,040 | index | selected_movie | Selected a movie/movies/selected
INFO | 2016-11-20 22:43:46,082 | index | selected_movie | Selected a movie/movies/selected
INFO | 2016-11-20 22:44:42,424 | index | root | Index - /
INFO | 2016-11-20 22:44:45,043 | index | movies | Select Movies Page/movies
INFO | 2016-11-20 22:44:47,583 | index | actors | Select Actor Page/actors
INFO | 2016-11-20 22:44:49,525 | index | movies | Select Movies Page/movies
INFO | 2016-11-20 22:44:52,577 | index | selected_movie | Selected a movie/movies/selected
INFO | 2016-11-20 22:44:55,517 | index | selected_movie | Selected a movie/movies/selected
INFO | 2016-11-23 17:36:14,974 | index | root | Index - /
ERROR | 2016-11-23 17:36:17,660 | index | page_not_found | 404: Not Found
INFO | 2016-11-23 17:36:27,010 | index | movies | Select Movies Page/movies
INFO | 2016-11-23 17:36:29,155 | index | actors | Select Actor Page/actors
INFO | 2016-11-23 17:36:31,008 | index | movies | Select Movies Page/movies
INFO | 2016-11-23 17:36:32,703 | index | selected_movie | Selected a movie/movies/selected
INFO | 2016-11-23 17:37:08,209 | index | selected_movie | Selected a movie/movies/selected
INFO | 2016-11-23 17:37:21,665 | index | selected_movie | Selected a movie/movies/selected
INFO | 2016-11-23 17:37:50,831 | index | selected_movie | Selected a movie/movies/selected
INFO | 2016-11-23 17:38:36,066 | index | selected_movie | Selected a movie/movies/selected
INFO | 2016-11-23 17:42:10,927 | index | selected_movie | Selected a movie/movies/selected
INFO | 2016-11-23 17:42:49,696 | index | selected_movie | Selected a movie/movies/selected
INFO | 2016-11-23 17:43:30,153 | index | selected_movie | Selected a movie/movies/selected
INFO | 2016-11-23 17:46:32,497 | index | selected_movie | Selected a movie/movies/selected
INFO | 2016-11-23 17:46:49,715 | index | selected_movie | Selected a movie/movies/selected
INFO | 2016-11-23 17:47:48,020 | index | selected_movie | Selected a movie/movies/selected
INFO | 2016-11-23 17:49:22,699 | index | selected_movie | Selected a movie/movies/selected
INFO | 2016-11-23 17:50:06,522 | index | movies | Select Movies Page/movies
INFO | 2016-11-23 17:50:08,341 | index | selected_movie | Selected a movie/movies/selected
INFO | 2016-11-23 17:50:14,869 | index | selected_movie | Selected a movie/movies/selected
INFO | 2016-11-23 17:51:48,557 | index | selected_movie | Selected a movie/movies/selected
INFO | 2016-11-23 17:52:47,030 | index | selected_movie | Selected a movie/movies/selected
INFO | 2016-11-23 17:55:13,575 | index | selected_movie | Selected a movie/movies/selected
INFO | 2016-11-23 17:56:34,338 | index | selected_movie | Selected a movie/movies/selected
INFO | 2016-11-23 17:57:43,513 | index | selected_movie | Selected a movie/movies/selected
INFO | 2016-11-23 17:58:15,945 | index | selected_movie | Selected a movie/movies/selected
INFO | 2016-11-23 17:58:26,425 | index | selected_movie | Selected a movie/movies/selected
INFO | 2016-11-23 18:00:33,585 | index | selected_movie | Selected a movie/movies/selected
INFO | 2016-11-23 18:01:12,776 | index | selected_movie | Selected a movie/movies/selected
INFO | 2016-11-23 18:01:35,321 | index | movies | Select Movies Page/movies
INFO | 2016-11-23 18:01:36,427 | index | selected_movie | Selected a movie/movies/selected
INFO | 2016-11-23 18:01:56,933 | index | selected_movie | Selected a movie/movies/selected
INFO | 2016-11-23 18:02:06,235 | index | movies | Select Movies Page/movies
INFO | 2016-11-23 18:02:07,723 | index | selected_movie | Selected a movie/movies/selected
INFO | 2016-11-23 18:02:28,550 | index | selected_movie | Selected a movie/movies/selected
INFO | 2016-11-23 18:03:10,565 | index | selected_movie | Selected a movie/movies/selected
INFO | 2016-11-23 18:03:45,200 | index | movies | Select Movies Page/movies
INFO | 2016-11-23 18:03:46,931 | index | selected_movie | Selected a movie/movies/selected
INFO | 2016-11-23 18:03:53,782 | index | selected_movie | Selected a movie/movies/selected
INFO | 2016-11-23 18:03:57,351 | index | selected_movie | Selected a movie/movies/selected
INFO | 2016-11-24 15:32:57,718 | index | root | Index - /
ERROR | 2016-11-24 15:33:01,177 | index | page_not_found | 404: Not Found
INFO | 2016-11-24 15:33:32,468 | index | movies | Select Movies Page/movies
INFO | 2016-11-24 15:33:35,379 | index | selected_movie | Selected a movie/movies/selected
INFO | 2016-11-24 15:36:20,762 | index | selected_movie | Selected a movie/movies/selected
INFO | 2016-11-24 15:36:54,512 | index | selected_movie | Selected a movie/movies/selected
INFO | 2016-11-24 15:37:10,540 | index | selected_movie | Selected a movie/movies/selected
INFO | 2016-11-24 15:37:40,044 | index | selected_movie | Selected a movie/movies/selected
INFO | 2016-11-24 15:38:27,957 | index | selected_movie | Selected a movie/movies/selected
INFO | 2016-11-24 15:39:46,442 | index | selected_movie | Selected a movie/movies/selected
INFO | 2016-11-24 15:40:15,044 | index | selected_movie | Selected a movie/movies/selected
INFO | 2016-11-24 15:40:59,841 | index | selected_movie | Selected a movie/movies/selected
INFO | 2016-11-24 15:41:10,025 | index | selected_movie | Selected a movie/movies/selected
INFO | 2016-11-24 15:41:26,010 | index | selected_movie | Selected a movie/movies/selected
INFO | 2016-11-24 15:41:38,182 | index | selected_movie | Selected a movie/movies/selected
INFO | 2016-11-24 15:41:43,450 | index | selected_movie | Selected a movie/movies/selected
INFO | 2016-11-24 15:42:01,710 | index | selected_movie | Selected a movie/movies/selected
INFO | 2016-11-24 15:42:04,284 | index | selected_movie | Selected a movie/movies/selected
INFO | 2016-11-24 15:42:06,878 | index | selected_movie | Selected a movie/movies/selected
INFO | 2016-11-24 15:42:42,586 | index | selected_movie | Selected a movie/movies/selected
INFO | 2016-11-24 15:43:15,552 | index | selected_movie | Selected a movie/movies/selected
INFO | 2016-11-24 15:45:20,554 | index | selected_movie | Selected a movie/movies/selected
INFO | 2016-11-24 15:45:34,673 | index | selected_movie | Selected a movie/movies/selected
INFO | 2016-11-24 15:45:57,166 | index | selected_movie | Selected a movie/movies/selected
INFO | 2016-11-24 15:46:13,406 | index | selected_movie | Selected a movie/movies/selected
INFO | 2016-11-24 15:56:46,318 | index | selected_movie | Selected a movie/movies/selected
INFO | 2016-11-24 15:59:58,912 | index | selected_movie | Selected a movie/movies/selected
INFO | 2016-11-24 16:00:13,105 | index | selected_movie | Selected a movie/movies/selected
INFO | 2016-11-24 16:01:03,986 | index | selected_movie | Selected a movie/movies/selected
ERROR | 2016-11-24 16:01:04,129 | index | selected_movie | Incorrect number of bindings supplied. The current statement uses 0, and there are 1 supplied.
INFO | 2016-11-24 16:01:31,906 | index | selected_movie | Selected a movie/movies/selected
INFO | 2016-11-24 16:05:05,478 | index | selected_movie | Selected a movie/movies/selected
ERROR | 2016-11-24 16:05:05,725 | index | selected_movie | 'genre' is undefined
INFO | 2016-11-24 16:06:22,266 | index | selected_movie | Selected a movie/movies/selected
INFO | 2016-11-24 16:07:15,113 | index | selected_movie | Selected a movie/movies/selected
INFO | 2016-11-24 16:09:58,266 | index | selected_movie | Selected a movie/movies/selected
INFO | 2016-11-24 16:10:07,303 | index | selected_movie | Selected a movie/movies/selected
INFO | 2016-11-24 16:17:29,979 | index | selected_movie | Selected a movie/movies/selected
ERROR | 2016-11-24 16:17:30,032 | index | selected_movie | 'tuple' object has no attribute 'fetchall'
INFO | 2016-11-24 16:36:04,396 | index | selected_movie | Selected a movie/movies/selected
ERROR | 2016-11-24 16:36:04,500 | index | selected_movie | local variable 'dict' referenced before assignment
INFO | 2016-11-24 16:36:55,905 | index | selected_movie | Selected a movie/movies/selected
ERROR | 2016-11-24 16:36:56,055 | index | selected_movie | 'dict' object has no attribute 'fethcall'
INFO | 2016-11-24 16:37:22,873 | index | selected_movie | Selected a movie/movies/selected
ERROR | 2016-11-24 16:37:23,032 | index | selected_movie | 'dict' object has no attribute 'fetchall'
INFO | 2016-11-24 16:38:35,739 | index | selected_movie | Selected a movie/movies/selected
ERROR | 2016-11-24 16:38:35,926 | index | selected_movie | 'list' object has no attribute 'fetchall'
INFO | 2016-11-24 16:43:27,693 | index | selected_movie | Selected a movie/movies/selected
ERROR | 2016-11-24 16:43:27,849 | index | selected_movie | global name 'genre' is not defined
INFO | 2016-11-24 16:47:02,767 | index | selected_movie | Selected a movie/movies/selected
ERROR | 2016-11-24 16:47:02,825 | index | selected_movie | 'list' object has no attribute 'update'
INFO | 2016-11-24 16:47:31,672 | index | selected_movie | Selected a movie/movies/selected
INFO | 2016-11-24 16:47:53,518 | index | selected_movie | Selected a movie/movies/selected
INFO | 2016-11-24 16:48:19,442 | index | selected_movie | Selected a movie/movies/selected
INFO | 2016-11-24 16:49:37,092 | index | selected_movie | Selected a movie/movies/selected
INFO | 2016-11-24 16:50:15,971 | index | selected_movie | Selected a movie/movies/selected
INFO | 2016-11-24 16:51:23,378 | index | selected_movie | Selected a movie/movies/selected
INFO | 2016-11-24 16:51:38,616 | index | selected_movie | Selected a movie/movies/selected
INFO | 2016-11-24 16:51:54,740 | index | selected_movie | Selected a movie/movies/selected
INFO | 2016-11-24 16:54:01,058 | index | selected_movie | Selected a movie/movies/selected
INFO | 2016-11-24 16:54:32,447 | index | selected_movie | Selected a movie/movies/selected
ERROR | 2016-11-24 16:54:32,633 | index | selected_movie | 'NoneType' object is not iterable
INFO | 2016-11-24 16:54:45,375 | index | selected_movie | Selected a movie/movies/selected
INFO | 2016-11-24 16:56:05,935 | index | selected_movie | Selected a movie/movies/selected
INFO | 2016-11-24 17:00:41,367 | index | selected_movie | Selected a movie/movies/selected
ERROR | 2016-11-24 17:00:41,419 | index | selected_movie | 'list' object has no attribute 'items'
INFO | 2016-11-24 17:01:12,439 | index | selected_movie | Selected a movie/movies/selected
ERROR | 2016-11-24 17:01:12,605 | index | selected_movie | dictionary update sequence element #0 has length 7; 2 is required
INFO | 2016-11-24 17:02:34,677 | index | selected_movie | Selected a movie/movies/selected
ERROR | 2016-11-24 17:02:34,821 | index | selected_movie | 'list' object has no attribute 'title'
INFO | 2016-11-24 17:10:02,780 | index | selected_movie | Selected a movie/movies/selected
INFO | 2016-11-24 17:14:50,360 | index | selected_movie | Selected a movie/movies/selected
INFO | 2016-11-24 17:15:36,461 | index | selected_movie | Selected a movie/movies/selected
INFO | 2016-11-24 17:15:41,902 | index | selected_movie | Selected a movie/movies/selected
INFO | 2016-11-24 17:15:43,209 | index | selected_movie | Selected a movie/movies/selected
INFO | 2016-11-24 17:16:14,136 | index | selected_movie | Selected a movie/movies/selected
INFO | 2016-11-24 17:16:36,190 | index | selected_movie | Selected a movie/movies/selected
INFO | 2016-11-24 17:16:46,013 | index | selected_movie | Selected a movie/movies/selected
INFO | 2016-11-24 17:17:38,915 | index | selected_movie | Selected a movie/movies/selected
INFO | 2016-11-24 17:17:49,862 | index | selected_movie | Selected a movie/movies/selected
INFO | 2016-11-24 17:17:52,517 | index | selected_movie | Selected a movie/movies/selected
INFO | 2016-11-24 17:21:04,863 | index | selected_movie | Selected a movie/movies/selected
INFO | 2016-11-24 17:21:58,771 | index | selected_movie | Selected a movie/movies/selected
ERROR | 2016-11-24 17:21:58,945 | index | selected_movie | no such column: genre
INFO | 2016-11-24 17:25:50,393 | index | selected_movie | Selected a movie/movies/selected
ERROR | 2016-11-24 17:25:50,438 | index | selected_movie | no such column: genre
INFO | 2016-11-24 17:26:18,717 | index | selected_movie | Selected a movie/movies/selected
INFO | 2016-11-24 17:26:40,398 | index | selected_movie | Selected a movie/movies/selected
INFO | 2016-11-24 17:27:52,649 | index | selected_movie | Selected a movie/movies/selected
INFO | 2016-11-24 17:29:00,361 | index | selected_movie | Selected a movie/movies/selected
INFO | 2016-11-24 17:29:25,874 | index | selected_movie | Selected a movie/movies/selected
INFO | 2016-11-24 17:31:16,520 | index | selected_movie | Selected a movie/movies/selected
INFO | 2016-11-24 17:31:30,399 | index | selected_movie | Selected a movie/movies/selected
INFO | 2016-11-24 17:33:26,494 | index | selected_movie | Selected a movie/movies/selected
INFO | 2016-11-24 17:34:13,057 | index | selected_movie | Selected a movie/movies/selected
INFO | 2016-11-24 17:35:08,602 | index | selected_movie | Selected a movie/movies/selected
INFO | 2016-11-24 17:35:52,823 | index | selected_movie | Selected a movie/movies/selected
INFO | 2016-11-24 17:36:12,967 | index | selected_movie | Selected a movie/movies/selected
INFO | 2016-11-24 17:37:16,658 | index | selected_movie | Selected a movie/movies/selected
INFO | 2016-11-24 17:37:26,455 | index | selected_movie | Selected a movie/movies/selected
INFO | 2016-11-24 17:37:40,706 | index | selected_movie | Selected a movie/movies/selected
INFO | 2016-11-24 17:38:16,344 | index | selected_movie | Selected a movie/movies/selected
INFO | 2016-11-24 17:38:30,153 | index | selected_movie | Selected a movie/movies/selected
INFO | 2016-11-24 17:38:51,003 | index | selected_movie | Selected a movie/movies/selected
INFO | 2016-11-24 17:39:19,720 | index | selected_movie | Selected a movie/movies/selected
INFO | 2016-11-24 17:39:33,486 | index | selected_movie | Selected a movie/movies/selected
INFO | 2016-11-24 17:41:25,141 | index | selected_movie | Selected a movie/movies/selected
INFO | 2016-11-24 17:41:48,018 | index | selected_movie | Selected a movie/movies/selected
INFO | 2016-11-24 17:42:28,919 | index | selected_movie | Selected a movie/movies/selected
INFO | 2016-11-24 17:43:14,786 | index | selected_movie | Selected a movie/movies/selected
INFO | 2016-11-24 17:43:29,034 | index | selected_movie | Selected a movie/movies/selected
INFO | 2016-11-24 17:44:09,529 | index | selected_movie | Selected a movie/movies/selected
INFO | 2016-11-24 17:44:30,023 | index | selected_movie | Selected a movie/movies/selected
INFO | 2016-11-24 17:45:52,951 | index | selected_movie | Selected a movie/movies/selected
INFO | 2016-11-24 17:47:12,403 | index | selected_movie | Selected a movie/movies/selected
INFO | 2016-11-24 17:47:36,238 | index | selected_movie | Selected a movie/movies/selected
INFO | 2016-11-24 17:47:54,078 | index | selected_movie | Selected a movie/movies/selected
INFO | 2016-11-24 17:48:00,334 | index | selected_movie | Selected a movie/movies/selected
INFO | 2016-11-24 17:48:19,287 | index | selected_movie | Selected a movie/movies/selected
INFO | 2016-11-24 17:49:11,132 | index | selected_movie | Selected a movie/movies/selected
INFO | 2016-11-24 17:50:55,267 | index | selected_movie | Selected a movie/movies/selected
INFO | 2016-11-24 17:51:46,523 | index | selected_movie | Selected a movie/movies/selected
INFO | 2016-11-24 17:51:53,096 | index | selected_movie | Selected a movie/movies/selected
INFO | 2016-11-24 17:52:05,650 | index | selected_movie | Selected a movie/movies/selected
INFO | 2016-11-24 17:52:15,698 | index | selected_movie | Selected a movie/movies/selected
INFO | 2016-11-24 17:52:39,973 | index | selected_movie | Selected a movie/movies/selected
INFO | 2016-11-24 17:54:41,026 | index | selected_movie | Selected a movie/movies/selected
ERROR | 2016-11-24 17:54:41,172 | index | selected_movie | global name 'cursor_movie' is not defined
INFO | 2016-11-24 17:55:04,402 | index | selected_movie | Selected a movie/movies/selected
INFO | 2016-11-24 17:59:29,653 | index | selected_movie | Selected a movie/movies/selected
INFO | 2016-11-24 18:04:20,726 | index | selected_movie | Selected a movie/movies/selected
ERROR | 2016-11-24 18:04:20,960 | index | selected_movie | expected token 'end of print statement', got 'actor'
INFO | 2016-11-24 18:05:14,083 | index | selected_movie | Selected a movie/movies/selected
ERROR | 2016-11-24 18:05:14,642 | index | selected_movie | expected token 'end of print statement', got 'actor'
INFO | 2016-11-24 18:07:43,368 | index | selected_movie | Selected a movie/movies/selected
ERROR | 2016-11-24 18:07:43,925 | index | selected_movie | expected token 'end of print statement', got 'actor'
INFO | 2016-11-24 18:08:23,515 | index | selected_movie | Selected a movie/movies/selected
INFO | 2016-11-24 18:09:29,739 | index | selected_movie | Selected a movie/movies/selected
INFO | 2016-11-24 18:11:29,850 | index | selected_movie | Selected a movie/movies/selected
INFO | 2016-11-24 18:12:33,709 | index | selected_movie | Selected a movie/movies/selected
ERROR | 2016-11-24 18:12:33,819 | index | selected_movie | expected token 'end of print statement', got 'string'
INFO | 2016-11-24 18:12:50,593 | index | selected_movie | Selected a movie/movies/selected
ERROR | 2016-11-24 18:12:50,698 | index | selected_movie | expected token 'end of print statement', got 'string'
INFO | 2016-11-24 18:13:02,841 | index | selected_movie | Selected a movie/movies/selected
INFO | 2016-11-24 18:13:47,737 | index | selected_movie | Selected a movie/movies/selected
INFO | 2016-11-24 18:15:12,009 | index | selected_movie | Selected a movie/movies/selected
INFO | 2016-11-24 18:15:29,100 | index | selected_movie | Selected a movie/movies/selected
INFO | 2016-11-24 18:15:45,313 | index | selected_movie | Selected a movie/movies/selected
INFO | 2016-11-24 18:15:56,398 | index | selected_movie | Selected a movie/movies/selected
INFO | 2016-11-24 18:15:59,901 | index | selected_movie | Selected a movie/movies/selected
INFO | 2016-11-24 18:16:17,207 | index | selected_movie | Selected a movie/movies/selected
INFO | 2016-11-24 18:16:56,966 | index | selected_movie | Selected a movie/movies/selected
INFO | 2016-11-24 18:17:59,352 | index | selected_movie | Selected a movie/movies/selected
INFO | 2016-11-24 18:18:27,838 | index | selected_movie | Selected a movie/movies/selected
INFO | 2016-11-24 18:18:44,688 | index | selected_movie | Selected a movie/movies/selected
INFO | 2016-11-24 18:19:01,004 | index | selected_movie | Selected a movie/movies/selected
INFO | 2016-11-24 18:19:08,100 | index | selected_movie | Selected a movie/movies/selected
INFO | 2016-11-24 18:19:08,292 | index | selected_movie | Selected a movie/movies/selected
INFO | 2016-11-24 18:19:17,298 | index | selected_movie | Selected a movie/movies/selected
INFO | 2016-11-24 18:19:28,344 | index | selected_movie | Selected a movie/movies/selected
INFO | 2016-11-24 18:19:45,339 | index | selected_movie | Selected a movie/movies/selected
INFO | 2016-11-24 18:20:02,790 | index | selected_movie | Selected a movie/movies/selected
INFO | 2016-11-24 18:20:03,286 | index | selected_movie | Selected a movie/movies/selected
INFO | 2016-11-24 18:20:57,611 | index | selected_movie | Selected a movie/movies/selected
INFO | 2016-11-24 18:21:10,923 | index | selected_movie | Selected a movie/movies/selected
INFO | 2016-11-24 18:21:18,601 | index | selected_movie | Selected a movie/movies/selected
INFO | 2016-11-24 18:22:07,381 | index | selected_movie | Selected a movie/movies/selected
INFO | 2016-11-24 18:22:07,485 | index | selected_movie | Selected a movie/movies/selected
INFO | 2016-11-24 18:22:30,288 | index | selected_movie | Selected a movie/movies/selected
INFO | 2016-11-24 18:22:34,974 | index | selected_movie | Selected a movie/movies/selected
INFO | 2016-11-24 18:23:10,059 | index | selected_movie | Selected a movie/movies/selected
INFO | 2016-11-24 18:23:12,195 | index | selected_movie | Selected a movie/movies/selected
INFO | 2016-11-24 18:23:16,302 | index | selected_movie | Selected a movie/movies/selected
INFO | 2016-11-24 18:24:15,984 | index | selected_movie | Selected a movie/movies/selected
INFO | 2016-11-24 18:24:26,672 | index | selected_movie | Selected a movie/movies/selected
INFO | 2016-11-24 18:24:37,739 | index | selected_movie | Selected a movie/movies/selected
INFO | 2016-11-24 18:26:39,169 | index | selected_movie | Selected a movie/movies/selected
INFO | 2016-11-24 18:27:32,517 | index | selected_movie | Selected a movie/movies/selected
INFO | 2016-11-24 18:27:44,181 | index | selected_movie | Selected a movie/movies/selected
INFO | 2016-11-24 18:28:06,593 | index | selected_movie | Selected a movie/movies/selected
INFO | 2016-11-24 18:28:32,383 | index | selected_movie | Selected a movie/movies/selected
INFO | 2016-11-24 18:28:55,993 | index | selected_movie | Selected a movie/movies/selected
INFO | 2016-11-24 18:30:47,936 | index | selected_movie | Selected a movie/movies/selected
INFO | 2016-11-24 18:31:14,848 | index | selected_movie | Selected a movie/movies/selected
INFO | 2016-11-24 18:31:17,462 | index | selected_movie | Selected a movie/movies/selected
INFO | 2016-11-24 18:32:52,064 | index | selected_movie | Selected a movie/movies/selected
INFO | 2016-11-24 18:32:57,106 | index | selected_movie | Selected a movie/movies/selected
INFO | 2016-11-24 18:33:07,532 | index | selected_movie | Selected a movie/movies/selected
INFO | 2016-11-24 18:48:22,155 | index | selected_actor | Selected Actor Page/actors/selected
ERROR | 2016-11-24 18:48:22,267 | index | selected_actor | no such column: date
INFO | 2016-11-24 18:51:06,118 | index | selected_actor | Selected Actor Page/actors/selected
INFO | 2016-11-24 18:51:18,032 | index | selected_actor | Selected Actor Page/actors/selected
ERROR | 2016-11-24 18:51:39,417 | index | page_not_found | 404: Not Found
INFO | 2016-11-24 18:51:42,960 | index | actors | Select Actor Page/actors
INFO | 2016-11-24 18:51:53,699 | index | selected_actor | Selected Actor Page/actors/selected
INFO | 2016-11-24 18:51:58,684 | index | movies | Select Movies Page/movies
INFO | 2016-11-24 18:52:09,729 | index | selected_movie | Selected a movie/movies/selected
INFO | 2016-11-24 18:52:15,729 | index | selected_movie | Selected a movie/movies/selected
INFO | 2016-11-24 18:52:35,493 | index | root | Index - /
INFO | 2016-11-24 18:52:45,925 | index | actors | Select Actor Page/actors
ERROR | 2016-11-24 18:53:19,226 | index | page_not_found | 404: Not Found
ERROR | 2016-11-24 18:54:23,258 | index | page_not_found | 404: Not Found
ERROR | 2016-11-24 18:54:33,651 | index | page_not_found | 404: Not Found
ERROR | 2016-11-24 18:54:37,079 | index | page_not_found | 404: Not Found
INFO | 2016-11-24 18:55:19,782 | index | selected_actor | Selected Actor Page/actors/selected
ERROR | 2016-11-24 18:55:20,224 | index | selected_actor | 'dict object' has no attribute 'fisrt_name'
INFO | 2016-11-24 18:56:02,867 | index | selected_actor | Selected Actor Page/actors/selected
ERROR | 2016-11-24 18:56:03,050 | index | selected_actor | unsupported operand type(s) for -: 'Undefined' and 'Undefined'
INFO | 2016-11-24 19:01:48,786 | index | selected_actor | Selected Actor Page/actors/selected
INFO | 2016-11-24 19:02:06,649 | index | movies | Select Movies Page/movies
INFO | 2016-11-24 19:02:07,909 | index | selected_movie | Selected a movie/movies/selected
INFO | 2016-11-24 19:03:38,848 | index | root | Index - /
INFO | 2016-11-24 19:04:22,320 | index | movies | Select Movies Page/movies
INFO | 2016-11-24 19:05:04,903 | index | actors | Select Actor Page/actors
INFO | 2016-11-24 19:08:20,086 | index | actors | Select Actor Page/actors
ERROR | 2016-11-24 19:08:20,381 | index | actors | Could not build url for endpoint 'slected_actor'. Did you mean 'selected_actor' instead?
INFO | 2016-11-24 19:08:37,707 | index | actors | Select Actor Page/actors
ERROR | 2016-11-24 19:08:37,982 | index | actors | cannot concatenate 'str' and 'int' objects
INFO | 2016-11-24 19:08:54,250 | index | actors | Select Actor Page/actors
ERROR | 2016-11-24 19:08:54,431 | index | actors | no filter named 'text'
INFO | 2016-11-24 19:09:13,481 | index | actors | Select Actor Page/actors
INFO | 2016-11-24 19:09:16,292 | index | selected_actor | Selected Actor Page/actors/selected
INFO | 2016-11-24 19:09:20,013 | index | selected_actor | Selected Actor Page/actors/selected
INFO | 2016-11-24 19:11:19,712 | index | selected_actor | Selected Actor Page/actors/selected
INFO | 2016-11-24 19:11:41,245 | index | selected_actor | Selected Actor Page/actors/selected
INFO | 2016-11-24 19:12:10,509 | index | selected_actor | Selected Actor Page/actors/selected
INFO | 2016-11-24 19:12:45,621 | index | selected_actor | Selected Actor Page/actors/selected
INFO | 2016-11-24 19:13:03,664 | index | selected_actor | Selected Actor Page/actors/selected
INFO | 2016-11-24 19:13:10,047 | index | selected_actor | Selected Actor Page/actors/selected
INFO | 2016-11-24 19:13:47,641 | index | movies | Select Movies Page/movies
INFO | 2016-11-24 19:13:48,473 | index | actors | Select Actor Page/actors
INFO | 2016-11-24 19:13:49,707 | index | selected_actor | Selected Actor Page/actors/selected
INFO | 2016-11-24 19:13:51,727 | index | selected_actor | Selected Actor Page/actors/selected
INFO | 2016-11-24 19:14:20,021 | index | selected_actor | Selected Actor Page/actors/selected
INFO | 2016-11-24 19:15:23,223 | index | selected_actor | Selected Actor Page/actors/selected
INFO | 2016-11-24 19:15:25,655 | index | selected_actor | Selected Actor Page/actors/selected
INFO | 2016-11-24 19:15:28,026 | index | selected_actor | Selected Actor Page/actors/selected
INFO | 2016-11-24 19:15:28,270 | index | selected_actor | Selected Actor Page/actors/selected
INFO | 2016-11-24 19:15:28,739 | index | selected_actor | Selected Actor Page/actors/selected
INFO | 2016-11-24 19:15:58,968 | index | selected_actor | Selected Actor Page/actors/selected
INFO | 2016-11-24 19:16:00,853 | index | selected_actor | Selected Actor Page/actors/selected
INFO | 2016-11-24 19:16:02,210 | index | selected_actor | Selected Actor Page/actors/selected
INFO | 2016-11-24 19:16:02,550 | index | selected_actor | Selected Actor Page/actors/selected
INFO | 2016-11-24 19:16:03,005 | index | selected_actor | Selected Actor Page/actors/selected
INFO | 2016-11-24 19:16:03,953 | index | actors | Select Actor Page/actors
INFO | 2016-11-24 19:16:05,117 | index | selected_actor | Selected Actor Page/actors/selected
INFO | 2016-11-24 19:16:06,745 | index | selected_actor | Selected Actor Page/actors/selected
INFO | 2016-11-24 19:16:07,223 | index | selected_actor | Selected Actor Page/actors/selected
INFO | 2016-11-24 19:16:07,472 | index | selected_actor | Selected Actor Page/actors/selected
INFO | 2016-11-24 19:16:07,725 | index | selected_actor | Selected Actor Page/actors/selected
INFO | 2016-11-24 19:16:07,956 | index | selected_actor | Selected Actor Page/actors/selected
INFO | 2016-11-24 19:16:08,251 | index | selected_actor | Selected Actor Page/actors/selected
INFO | 2016-11-24 19:16:21,400 | index | selected_actor | Selected Actor Page/actors/selected
INFO | 2016-11-24 19:16:22,375 | index | selected_actor | Selected Actor Page/actors/selected
INFO | 2016-11-24 19:16:59,379 | index | selected_actor | Selected Actor Page/actors/selected
INFO | 2016-11-24 19:17:47,850 | index | selected_actor | Selected Actor Page/actors/selected
INFO | 2016-11-24 19:18:13,220 | index | selected_actor | Selected Actor Page/actors/selected
INFO | 2016-11-24 19:18:28,548 | index | movies | Select Movies Page/movies
INFO | 2016-11-24 19:18:30,417 | index | selected_movie | Selected a movie/movies/selected
INFO | 2016-11-24 19:18:38,935 | index | selected_movie | Selected a movie/movies/selected
INFO | 2016-11-24 19:18:57,568 | index | actors | Select Actor Page/actors
INFO | 2016-11-24 19:18:58,985 | index | selected_actor | Selected Actor Page/actors/selected
INFO | 2016-11-24 19:19:35,668 | index | selected_actor | Selected Actor Page/actors/selected
INFO | 2016-11-24 19:19:42,510 | index | movies | Select Movies Page/movies
INFO | 2016-11-24 19:19:44,231 | index | selected_movie | Selected a movie/movies/selected
INFO | 2016-11-24 19:21:14,397 | index | actors | Select Actor Page/actors
INFO | 2016-11-24 19:21:15,595 | index | selected_actor | Selected Actor Page/actors/selected
INFO | 2016-11-24 19:22:31,404 | index | selected_actor | Selected Actor Page/actors/selected
INFO | 2016-11-24 19:23:02,496 | index | selected_actor | Selected Actor Page/actors/selected
INFO | 2016-11-24 19:23:17,730 | index | movies | Select Movies Page/movies
INFO | 2016-11-24 19:23:19,318 | index | actors | Select Actor Page/actors
INFO | 2016-11-24 19:23:26,162 | index | movies | Select Movies Page/movies
INFO | 2016-11-24 19:23:27,290 | index | selected_movie | Selected a movie/movies/selected
INFO | 2016-11-24 19:26:54,028 | index | selected_movie | Selected a movie/movies/selected
ERROR | 2016-11-24 19:26:54,119 | index | selected_movie | tuple index out of range
INFO | 2016-11-24 19:27:26,885 | index | selected_movie | Selected a movie/movies/selected
ERROR | 2016-11-24 19:27:27,744 | index | selected_movie | 'selected_actor' is undefined
INFO | 2016-11-24 19:28:33,564 | index | selected_movie | Selected a movie/movies/selected
INFO | 2016-11-24 19:28:39,598 | index | selected_actor | Selected Actor Page/actors/selected
INFO | 2016-11-24 19:29:39,042 | index | selected_actor | Selected Actor Page/actors/selected
INFO | 2016-11-24 19:29:46,756 | index | selected_actor | Selected Actor Page/actors/selected
INFO | 2016-11-24 19:29:58,238 | index | selected_movie | Selected a movie/movies/selected
INFO | 2016-11-24 19:32:20,997 | index | actors | Select Actor Page/actors
INFO | 2016-11-24 19:32:22,574 | index | selected_actor | Selected Actor Page/actors/selected
INFO | 2016-11-24 19:32:35,615 | index | selected_actor | Selected Actor Page/actors/selected
INFO | 2016-11-24 19:33:14,661 | index | movies | Select Movies Page/movies
INFO | 2016-11-24 19:33:16,472 | index | selected_movie | Selected a movie/movies/selected
INFO | 2016-11-24 19:35:03,660 | index | selected_actor | Selected Actor Page/actors/selected
INFO | 2016-11-24 19:36:51,524 | index | selected_actor | Selected Actor Page/actors/selected
INFO | 2016-11-24 19:37:07,080 | index | movies | Select Movies Page/movies
INFO | 2016-11-24 19:37:08,625 | index | selected_movie | Selected a movie/movies/selected
INFO | 2016-11-24 19:37:10,956 | index | selected_movie | Selected a movie/movies/selected
INFO | 2016-11-24 19:37:11,739 | index | selected_actor | Selected Actor Page/actors/selected
